<?xml version="1.0" encoding="UTF-8"?>
<testng-results skipped="0" failed="0" ignored="0" total="1" passed="1">
  <reporter-output>
  </reporter-output>
  <suite name="Default suite" duration-ms="26134" started-at="2020-03-13T13:34:39 ART" finished-at="2020-03-13T13:35:05 ART">
    <groups>
    </groups>
    <test name="Default test" duration-ms="26134" started-at="2020-03-13T13:34:39 ART" finished-at="2020-03-13T13:35:05 ART">
      <class name="test.TestOne">
        <test-method status="PASS" signature="setUp()[pri:0, instance:test.TestOne@2d9dff65]" name="setUp" is-config="true" duration-ms="13659" started-at="2020-03-13T13:34:39 ART" finished-at="2020-03-13T13:34:53 ART">
          <reporter-output>
          </reporter-output>
        </test-method> <!-- setUp -->
        <test-method status="PASS" signature="test()[pri:0, instance:test.TestOne@2d9dff65]" name="test" duration-ms="11592" started-at="2020-03-13T13:34:53 ART" finished-at="2020-03-13T13:35:04 ART">
          <reporter-output>
          </reporter-output>
        </test-method> <!-- test -->
        <test-method status="PASS" signature="tearDown(org.testng.ITestResult)[pri:0, instance:test.TestOne@2d9dff65]" name="tearDown" is-config="true" duration-ms="746" started-at="2020-03-13T13:35:04 ART" finished-at="2020-03-13T13:35:05 ART">
          <params>
            <param index="0">
              <value>
                <![CDATA[[TestResult name=test status=SUCCESS method=TestOne.test()[pri:0, instance:test.TestOne@2d9dff65] output={null}]]]>
              </value>
            </param>
          </params>
          <reporter-output>
          </reporter-output>
        </test-method> <!-- tearDown -->
      </class> <!-- test.TestOne -->
    </test> <!-- Default test -->
  </suite> <!-- Default suite -->
</testng-results>
