<?xml version="1.0" encoding="UTF-8"?>
<testng-results skipped="0" failed="0" ignored="0" total="1" passed="1">
  <reporter-output>
  </reporter-output>
  <suite name="Default suite" duration-ms="50453" started-at="2020-03-29T15:58:52 ART" finished-at="2020-03-29T15:59:43 ART">
    <groups>
    </groups>
    <test name="Default test" duration-ms="50453" started-at="2020-03-29T15:58:52 ART" finished-at="2020-03-29T15:59:43 ART">
      <class name="test.RegisterTest">
        <test-method status="PASS" signature="setUp()[pri:0, instance:test.RegisterTest@78e22d35]" name="setUp" is-config="true" duration-ms="31380" started-at="2020-03-29T15:58:53 ART" finished-at="2020-03-29T15:59:24 ART">
          <reporter-output>
          </reporter-output>
        </test-method> <!-- setUp -->
        <test-method status="PASS" signature="test(java.lang.String, java.lang.String, java.lang.String, java.lang.String, java.lang.String, java.lang.String, java.lang.String, java.lang.String, java.lang.String, java.lang.String)[pri:0, instance:test.RegisterTest@78e22d35]" name="test" duration-ms="16580" started-at="2020-03-29T15:59:24 ART" description="Caso de prueba de Registrar usuario" data-provider="RE" finished-at="2020-03-29T15:59:40 ART">
          <params>
            <param index="0">
              <value>
                <![CDATA[Alan]]>
              </value>
            </param>
            <param index="1">
              <value>
                <![CDATA[Diaz]]>
              </value>
            </param>
            <param index="2">
              <value>
                <![CDATA[1156884663]]>
              </value>
            </param>
            <param index="3">
              <value>
                <![CDATA[Firered_088@gmail.com]]>
              </value>
            </param>
            <param index="4">
              <value>
                <![CDATA[Formosa 30]]>
              </value>
            </param>
            <param index="5">
              <value>
                <![CDATA[Buenos Aires]]>
              </value>
            </param>
            <param index="6">
              <value>
                <![CDATA[1424]]>
              </value>
            </param>
            <param index="7">
              <value>
                <![CDATA[FireRed08]]>
              </value>
            </param>
            <param index="8">
              <value>
                <![CDATA[36456891]]>
              </value>
            </param>
            <param index="9">
              <value>
                <![CDATA[8]]>
              </value>
            </param>
          </params>
          <reporter-output>
          </reporter-output>
        </test-method> <!-- test -->
        <test-method status="PASS" signature="tearDown(org.testng.ITestResult)[pri:0, instance:test.RegisterTest@78e22d35]" name="tearDown" is-config="true" duration-ms="2291" started-at="2020-03-29T15:59:41 ART" finished-at="2020-03-29T15:59:43 ART">
          <params>
            <param index="0">
              <value>
                <![CDATA[[TestResult name=test status=SUCCESS method=RegisterTest.test(java.lang.String, java.lang.String, java.lang.String, java.lang.String, java.lang.String, java.lang.String, java.lang.String, java.lang.String, java.lang.String, java.lang.String)[pri:0, instance:test.RegisterTest@78e22d35] output={null}]]]>
              </value>
            </param>
          </params>
          <reporter-output>
          </reporter-output>
        </test-method> <!-- tearDown -->
      </class> <!-- test.RegisterTest -->
    </test> <!-- Default test -->
  </suite> <!-- Default suite -->
</testng-results>
